<?xml version="1.0" encoding="utf-8"?><testsuites><testsuite errors="0" failures="0" hostname="LAPTOP-4O8BNPSJ" name="pytest" skipped="5" tests="12" time="0.095" timestamp="2022-04-03T12:06:42.039764"><testcase classname="test_operations" name="test_sqrt" time="0.000"><skipped message="unconditional skip" type="pytest.skip">C:\Users\navak\08\03\today10032022\03042022 weekly assessment\test_operations.py:11: unconditional skip</skipped></testcase><testcase classname="test_operations" name="test_Quadratic" time="0.001" /><testcase classname="test_operations" name="test_degree[33-91.4]" time="0.001" /><testcase classname="test_operations" name="test_degree[20-68]" time="0.001" /><testcase classname="test_operations" name="test_degree[40-105]" time="0.001"><skipped message="" type="pytest.xfail" /></testcase><testcase classname="test_operations" name="test_degree[3-35]" time="0.001"><skipped message="" type="pytest.xfail" /></testcase><testcase classname="test_operations" name="test_number[5-Positive]" time="0.001" /><testcase classname="test_operations" name="test_number[-5-Negative]" time="0.001" /><testcase classname="test_operations" name="test_number[0-0]" time="0.001"><skipped message="" type="pytest.xfail" /></testcase><testcase classname="test_operations" name="test_number[5-0]" time="0.001"><skipped message="" type="pytest.xfail" /></testcase><testcase classname="test_operations" name="test_Sum[5-15]" time="0.001" /><testcase classname="test_operations" name="test_Sum[8-36]" time="0.001" /></testsuite></testsuites>